\BOOKMARK [1][-]{section.1}{\376\377\000L\000e\000c\000t\000u\000r\000e\000\040\0001\000\040\0000\0009\000/\0000\0008\000/\0002\0000\0002\0004}{}% 1
\BOOKMARK [2][-]{subsection.1.1}{\376\377\000E\000q\000u\000i\000l\000i\000b\000r\000i\000u\000m\000\040\000S\000t\000a\000t\000e}{section.1}% 2
\BOOKMARK [2][-]{subsection.1.2}{\376\377\000T\000r\000a\000n\000s\000f\000o\000r\000m\000a\000t\000i\000o\000n}{section.1}% 3
\BOOKMARK [2][-]{subsection.1.3}{\376\377\000E\000x\000a\000c\000t\000\040\000a\000n\000d\000\040\000I\000n\000e\000x\000a\000c\000t\000\040\000d\000i\000f\000f\000e\000r\000e\000n\000t\000i\000a\000b\000l\000e}{section.1}% 4
\BOOKMARK [2][-]{subsection.1.4}{\376\377\000E\000x\000n\000t\000e\000n\000s\000i\000v\000e\000\040\000a\000n\000d\000\040\000I\000n\000t\000r\000i\000n\000c\000i\000v\000e\000\040\000v\000a\000r\000i\000a\000b\000l\000e\000s}{section.1}% 5
\BOOKMARK [2][-]{subsection.1.5}{\376\377\000L\000a\000w\000s\000\040\000o\000f\000\040\000T\000h\000e\000r\000m\000o\000d\000y\000n\000a\000m\000i\000c\000s}{section.1}% 6
\BOOKMARK [1][-]{section.2}{\376\377\000L\000e\000c\000t\000u\000r\000e\000\040\0002\000\040\0001\0004\000/\0000\0008\000/\0002\0000\0002\0004}{}% 7
\BOOKMARK [2][-]{subsection.2.1}{\376\377\000K\000i\000n\000e\000t\000i\000c\000\040\000m\000o\000l\000e\000c\000u\000l\000a\000r\000\040\000t\000h\000e\000r\000o\000r\000y\000\040\000o\000f\000\040\000g\000a\000s\000e\000s}{section.2}% 8
\BOOKMARK [2][-]{subsection.2.2}{\376\377\000I\000d\000e\000a\000l\000\040\000g\000a\000s}{section.2}% 9
\BOOKMARK [2][-]{subsection.2.3}{\376\377\000E\000a\000r\000l\000y\000\040\000e\000x\000p\000e\000r\000i\000m\000e\000n\000t\000s\000\040\000a\000n\000d\000\040\000l\000a\000w\000s}{section.2}% 10
\BOOKMARK [1][-]{section.3}{\376\377\000L\000e\000c\000t\000u\000r\000e\000\040\0003\000\040\0001\0006\000/\0000\0008\000/\0002\0000\0002\0004}{}% 11
\BOOKMARK [2][-]{subsection.3.1}{\376\377\000A\000n\000o\000t\000h\000e\000r\000\040\000f\000o\000r\000m\000\040\000o\000f\000\040\000G\000a\000y\000-\000L\000u\000s\000s\000a\000c\000'\000s\000\040\000L\000a\000w}{section.3}% 12
\BOOKMARK [2][-]{subsection.3.2}{\376\377\000B\000o\000y\000l\000e\000'\000s\000\040\000L\000a\000w}{section.3}% 13
\BOOKMARK [2][-]{subsection.3.3}{\376\377\000A\000v\000a\000g\000a\000d\000r\000o\000'\000s\000\040\000L\000a\000w}{section.3}% 14
\BOOKMARK [2][-]{subsection.3.4}{\376\377\000I\000d\000e\000a\000l\000\040\000g\000a\000s\000\040\000L\000a\000w}{section.3}% 15
\BOOKMARK [2][-]{subsection.3.5}{\376\377\000V\000a\000n\000\040\000D\000e\000r\000\040\000W\000a\000a\000l\000'\000s\000\040\000e\000q\000u\000a\000t\000i\000o\000n}{section.3}% 16
\BOOKMARK [2][-]{subsection.3.6}{\376\377\000M\000e\000t\000e\000o\000r\000o\000l\000o\000g\000i\000c\000a\000l\000\040\000f\000o\000r\000m\000\040\000o\000f\000\040\000I\000d\000e\000a\000l\000\040\000g\000a\000s}{section.3}% 17
\BOOKMARK [2][-]{subsection.3.7}{\376\377\000C\000o\000m\000p\000o\000s\000i\000t\000i\000o\000n\000\040\000o\000f\000\040\000E\000a\000r\000t\000h\000'\000s\000\040\000A\000t\000m\000o\000s\000p\000h\000e\000r\000e}{section.3}% 18
\BOOKMARK [1][-]{section.4}{\376\377\000L\000e\000c\000t\000u\000r\000e\000\040\0004\000\040\0001\0009\000/\0000\0008\000/\0002\0000\0002\0004}{}% 19
\BOOKMARK [2][-]{subsection.4.1}{\376\377\000P\000r\000e\000s\000s\000u\000r\000e}{section.4}% 20
\BOOKMARK [2][-]{subsection.4.2}{\376\377\000M\000a\000s\000s\000\040\000o\000f\000\040\000t\000h\000e\000\040\000A\000t\000m\000o\000s\000p\000h\000e\000r\000e}{section.4}% 21
\BOOKMARK [1][-]{section.5}{\376\377\000L\000e\000c\000t\000u\000r\000e\000\040\0005\000\040\0002\0001\000/\0000\0008\000/\0002\0000\0002\0004}{}% 22
\BOOKMARK [2][-]{subsection.5.1}{\376\377\000D\000a\000l\000t\000o\000n\000'\000s\000\040\000l\000a\000w\000\040\000o\000f\000\040\000p\000a\000r\000t\000i\000a\000l\000\040\000p\000r\000e\000s\000s\000u\000r\000e}{section.5}% 23
\BOOKMARK [2][-]{subsection.5.2}{\376\377\000H\000u\000m\000i\000d\000i\000t\000y}{section.5}% 24
\BOOKMARK [2][-]{subsection.5.3}{\376\377\000I\000d\000e\000a\000l\000\040\000g\000a\000s\000\040\000e\000q\000u\000a\000t\000i\000o\000n\000\040\000f\000o\000r\000\040\000m\000o\000i\000s\000t\000\040\000g\000a\000s}{section.5}% 25
\BOOKMARK [1][-]{section.6}{\376\377\000L\000e\000c\000t\000u\000r\000e\000\040\0006\000\040\0002\0008\000/\0000\0008\000/\0002\0000\0002\0004}{}% 26
\BOOKMARK [2][-]{subsection.6.1}{\376\377\000A\000r\000c\000h\000i\000m\000e\000d\000e\000s\000\040\000P\000r\000i\000n\000c\000i\000p\000l\000e}{section.6}% 27
\BOOKMARK [2][-]{subsection.6.2}{\376\377\000B\000u\000o\000y\000a\000n\000c\000y}{section.6}% 28
\BOOKMARK [2][-]{subsection.6.3}{\376\377\000H\000y\000d\000r\000o\000s\000t\000a\000t\000i\000c\000\040\000e\000q\000u\000a\000t\000i\000o\000n}{section.6}% 29
\BOOKMARK [1][-]{section.7}{\376\377\000L\000e\000c\000t\000u\000r\000e\000\040\0007\000\040\0002\0009\000/\0000\0008\000/\0002\0000\0002\0004}{}% 30
\BOOKMARK [2][-]{subsection.7.1}{\376\377\000I\000d\000e\000a\000l\000\040\000g\000a\000s\000\040\000e\000q\000u\000a\000t\000i\000o\000n\000\040\000w\000i\000t\000h\000\040\000H\000y\000d\000o\000s\000t\000a\000t\000i\000c\000\040\000e\000q\000u\000a\000t\000i\000o\000n}{section.7}% 31
\BOOKMARK [2][-]{subsection.7.2}{\376\377\000G\000e\000o\000p\000o\000t\000e\000n\000t\000i\000a\000l}{section.7}% 32
\BOOKMARK [1][-]{section.8}{\376\377\000L\000e\000c\000t\000u\000r\000e\000\040\0008\000\040\0003\0000\000/\0000\0008\000/\0002\0000\0002\0004}{}% 33
\BOOKMARK [2][-]{tcb@cnt@question.2}{\376\377\000P\000r\000e\000s\000s\000u\000r\000e\000\040\000p\000r\000o\000f\000i\000l\000e\000s\000\040\000i\000n\000\040\000t\000h\000e\000\040\000i\000d\000e\000a\000l\000i\000z\000e\000d\000\040\000a\000t\000m\000o\000s\000p\000h\000e\000r\000e}{section.8}% 34
\BOOKMARK [2][-]{subsection.8.1}{\376\377\000C\000o\000n\000s\000t\000a\000n\000t\000\040\000d\000e\000n\000s\000i\000t\000y\000\040\000a\000t\000m\000o\000s\000p\000h\000e\000r\000e}{section.8}% 35
\BOOKMARK [2][-]{subsection.8.2}{\376\377\000C\000o\000n\000s\000t\000a\000n\000t\000\040\000t\000e\000m\000p\000e\000r\000a\000t\000u\000r\000e\000\040\000a\000t\000m\000o\000s\000p\000h\000e\000r\000e}{section.8}% 36
\BOOKMARK [2][-]{subsection.8.3}{\376\377\000C\000o\000n\000s\000t\000a\000n\000t\000\040\000l\000a\000p\000s\000e\000\040\000r\000a\000t\000e\000\040\000a\000t\000m\000o\000s\000p\000h\000e\000r\000e}{section.8}% 37
\BOOKMARK [1][-]{section.9}{\376\377\000L\000e\000c\000t\000u\000r\000e\000\040\0009\000\040\0000\0004\000/\0000\0009\000/\0002\0000\0002\0004}{}% 38
\BOOKMARK [2][-]{subsection.9.1}{\376\377\0001\000s\000t\000\040\000l\000a\000w\000\040\000o\000f\000\040\000t\000h\000e\000r\000m\000o\000d\000y\000n\000a\000m\000i\000c\000s\000\040\000a\000n\000d\000\040\000i\000t\000'\000s\000\040\000a\000p\000p\000l\000i\000c\000a\000t\000i\000o\000n}{section.9}% 39
\BOOKMARK [1][-]{section.10}{\376\377\000L\000e\000c\000t\000u\000r\000e\000\040\0001\0000\000\040\0000\0005\000/\0000\0009\000/\0002\0000\0002\0004}{}% 40
\BOOKMARK [2][-]{subsection.10.1}{\376\377\000.\000\040\0001\000s\000t\000\040\000l\000a\000w\000\040\000o\000f\000\040\000t\000h\000e\000r\000m\000o\000d\000y\000n\000a\000m\000i\000c\000s\000\040\000a\000n\000d\000\040\000i\000t\000'\000s\000\040\000a\000p\000p\000l\000i\000c\000a\000t\000i\000o\000n}{section.10}% 41
\BOOKMARK [2][-]{subsection.10.2}{\376\377\000.\000\040\000H\000e\000a\000t\000\040\000c\000a\000p\000a\000c\000i\000t\000y}{section.10}% 42
\BOOKMARK [2][-]{subsection.10.3}{\376\377\000.\000\040\000H\000e\000a\000t\000\040\000c\000a\000p\000a\000c\000i\000t\000y\000\040\000a\000t\000\040\000c\000o\000n\000s\000t\000a\000n\000t\000\040\000v\000o\000l\000u\000m\000e}{section.10}% 43
\BOOKMARK [1][-]{section.11}{\376\377\000L\000e\000c\000t\000u\000r\000e\000\040\0001\0001\000\040\0000\0006\000/\0000\0009\000/\0002\0000\0002\0004}{}% 44
\BOOKMARK [2][-]{subsection.11.1}{\376\377\000.\000\040\000S\000p\000e\000c\000i\000f\000i\000c\000\040\000h\000e\000a\000t\000\040\000c\000a\000p\000a\000c\000i\000t\000y}{section.11}% 45
\BOOKMARK [2][-]{subsection.11.2}{\376\377\000.\000\040\000S\000p\000e\000c\000i\000f\000i\000c\000\040\000h\000e\000a\000t\000\040\000a\000t\000\040\000c\000o\000n\000s\000t\000a\000n\000t\000\040\000v\000o\000l\000u\000m\000e}{section.11}% 46
\BOOKMARK [2][-]{subsection.11.3}{\376\377\000.\000\040\000S\000p\000e\000c\000i\000f\000i\000c\000\040\000h\000e\000a\000t\000\040\000a\000t\000\040\000c\000o\000n\000s\000t\000a\000n\000t\000\040\000p\000r\000e\000s\000s\000u\000r\000e}{section.11}% 47
\BOOKMARK [2][-]{subsection.11.4}{\376\377\000.\000\040\000S\000p\000e\000c\000i\000a\000l\000\040\000f\000o\000r\000m\000s\000\040\000o\000f\000\040\0001\000s\000t\000\040\000l\000a\000a\000w\000\040\000o\000f\000\040\000t\000h\000e\000r\000m\000o\000d\000y\000n\000a\000m\000i\000c\000s}{section.11}% 48
\BOOKMARK [1][-]{section.12}{\376\377\000L\000e\000c\000t\000u\000r\000e\000\040\0001\0002\000\040\0001\0001\000/\0000\0009\000/\0002\0000\0002\0004}{}% 49
\BOOKMARK [2][-]{subsection.12.1}{\376\377\000.\000\040\000P\000o\000i\000s\000s\000o\000n\000'\000s\000\040\000e\000q\000u\000a\000t\000i\000o\000n\000\040\000f\000o\000r\000\040\000a\000d\000i\000a\000b\000a\000t\000i\000c\000\040\000t\000r\000a\000n\000s\000f\000o\000r\000m\000a\000t\000i\000o\000n}{section.12}% 50
\BOOKMARK [1][-]{section.13}{\376\377\000L\000e\000c\000t\000u\000r\000e\000\040\0001\0003\000\040\0001\0002\000/\0000\0009\000/\0002\0000\0002\0004}{}% 51
\BOOKMARK [2][-]{subsection.13.1}{\376\377\000.\000\040\000A\000d\000i\000a\000b\000a\000t\000i\000c\000\040\000t\000r\000a\000n\000s\000f\000o\000r\000m\000a\000t\000i\000o\000n\000\040\000-\000\040\000P\000o\000i\000s\000s\000o\000n\000'\000s\000\040\000e\000q\000u\000a\000t\000i\000o\000n}{section.13}% 52
\BOOKMARK [2][-]{subsection.13.2}{\376\377\000.\000\040\000A\000d\000i\000a\000b\000a\000t\000i\000c\000\040\000L\000a\000p\000s\000e\000\040\000R\000a\000t\000e}{section.13}% 53
\BOOKMARK [2][-]{subsection.13.3}{\376\377\000.\000\040\000D\000r\000y\000\040\000A\000d\000i\000a\000b\000a\000t\000i\000c\000\040\000L\000a\000p\000s\000e\000\040\000R\000a\000t\000e\000\040\000\050\000D\000A\000L\000R\000\051}{section.13}% 54
\BOOKMARK [2][-]{subsection.13.4}{\376\377\000.\000\040\000P\000o\000s\000s\000i\000o\000n\000'\000s\000\040\000e\000q\000u\000a\000t\000i\000o\000n\000s}{section.13}% 55
\BOOKMARK [1][-]{section.14}{\376\377\000L\000e\000c\000t\000u\000r\000e\000\040\0001\0004\000\040\0002\0000\000/\0000\0009\000/\0002\0000\0002\0004}{}% 56
\BOOKMARK [2][-]{subsection.14.1}{\376\377\000.\000\040\000H\000e\000a\000t\000\040\000E\000n\000g\000i\000n\000e\000s}{section.14}% 57
\BOOKMARK [2][-]{subsection.14.2}{\376\377\000.\000\040\000E\000f\000f\000i\000c\000i\000e\000n\000c\000y}{section.14}% 58
\BOOKMARK [2][-]{subsection.14.3}{\376\377\000.\000\040\000C\000a\000r\000n\000o\000t\000\040\000C\000y\000c\000l\000e}{section.14}% 59
\BOOKMARK [2][-]{subsection.14.4}{\376\377\000.\000\040\000S\000k\000e\000w\000\040\000T\000\040\000-\000\040\000l\000o\000g\000\040\000P\000\040\000d\000i\000a\000g\000r\000a\000m}{section.14}% 60
\BOOKMARK [1][-]{section.15}{\376\377\000L\000e\000c\000t\000u\000r\000e\000\040\0001\0005\000\040\0000\0003\000/\0001\0000\000/\0002\0000\0002\0004}{}% 61
\BOOKMARK [2][-]{subsection.15.1}{\376\377\000.\000\040\000C\000y\000c\000l\000o\000n\000e\000s}{section.15}% 62
\BOOKMARK [2][-]{subsection.15.2}{\376\377\000.\000\040\000S\000p\000e\000c\000i\000f\000i\000c\000\040\000e\000n\000t\000h\000a\000p\000h\000y}{section.15}% 63
\BOOKMARK [1][-]{section.16}{\376\377\000L\000e\000c\000t\000u\000r\000e\000\040\0001\0006\000\040\0000\0007\000/\0001\0000\000/\0002\0000\0002\0004}{}% 64
\BOOKMARK [2][-]{subsection.16.1}{\376\377\000.\000\040\000L\000e\000s\000s\000o\000n\000\040\000l\000e\000a\000r\000n\000t\000\040\000f\000r\000o\000m\000\040\000c\000a\000r\000n\000o\000t\000\040\000c\000y\000c\000l\000e}{section.16}% 65
\BOOKMARK [2][-]{subsection.16.2}{\376\377\000.\000\040\000E\000n\000t\000r\000o\000p\000y}{section.16}% 66
\BOOKMARK [1][-]{section.17}{\376\377\000L\000e\000c\000t\000u\000r\000e\000\040\0001\0007\000\040\0001\0000\000/\0001\0000\000/\0002\0000\0002\0004}{}% 67
\BOOKMARK [2][-]{subsection.17.1}{\376\377\000.\000\040\000E\000n\000t\000r\000o\000p\000y}{section.17}% 68
\BOOKMARK [2][-]{subsection.17.2}{\376\377\000.\000\040\0002\000n\000d\000\040\000l\000a\000w\000\040\000o\000f\000\040\000t\000h\000e\000m\000o\000d\000y\000n\000a\000m\000i\000c\000s}{section.17}% 69
\BOOKMARK [1][-]{section.18}{\376\377\000L\000e\000c\000t\000u\000r\000e\000\040\0001\0008\000\040\0001\0000\000/\0001\0000\000/\0002\0000\0002\0004}{}% 70
\BOOKMARK [2][-]{subsection.18.1}{\376\377\000.\000\040\000S\000p\000e\000c\000i\000a\000l\000\040\000F\000o\000r\000m\000s\000\040\000o\000f\000\040\0002\000r\000d\000\040\000l\000a\000w\000\040\000o\000f\000\040\000T\000h\000e\000r\000m\000o\000d\000y\000n\000a\000m\000i\000c\000s}{section.18}% 71
\BOOKMARK [2][-]{subsection.18.2}{\376\377\000.\000\040\000M\000o\000i\000s\000t\000\040\000P\000r\000o\000c\000e\000s\000s\000e\000s}{section.18}% 72
\BOOKMARK [2][-]{subsection.18.3}{\376\377\000.\000\040\000R\000e\000l\000a\000t\000i\000v\000e\000\040\000h\000u\000m\000i\000d\000i\000t\000y}{section.18}% 73
\BOOKMARK [2][-]{subsection.18.4}{\376\377\000.\000\040\000D\000e\000w\000\040\000p\000o\000i\000n\000t\000\040\000t\000e\000m\000p\000e\000r\000a\000t\000u\000r\000e}{section.18}% 74
\BOOKMARK [2][-]{subsection.18.5}{\376\377\000.\000\040\000L\000a\000t\000e\000n\000t\000\040\000h\000e\000a\000t}{section.18}% 75
\BOOKMARK [1][-]{section.19}{\376\377\000L\000e\000t\000u\000r\000e\000\040\0001\0009\000\040\0002\0001\000/\0001\0000\000/\0002\0000\0002\0004}{}% 76
\BOOKMARK [2][-]{subsection.19.1}{\376\377\000.\000\040\000T\000h\000e\000\040\000C\000l\000a\000u\000s\000i\000u\000s\000-\000C\000l\000a\000p\000e\000y\000r\000o\000n\000\040\000e\000q\000u\000a\000t\000i\000o\000n}{section.19}% 77
\BOOKMARK [1][-]{section.20}{\376\377\000L\000e\000c\000t\000u\000r\000e\000\040\0002\0000\000\040\0002\0003\000/\0001\0000\000/\0002\0000\0002\0004}{}% 78
\BOOKMARK [2][-]{subsection.20.1}{\376\377\000.\000\040\000S\000a\000t\000u\000r\000a\000t\000i\000o\000n\000\040\000m\000i\000x\000i\000n\000g\000\040\000r\000a\000t\000i\000o}{section.20}% 79
\BOOKMARK [1][-]{section.21}{\376\377\000L\000e\000c\000t\000u\000r\000e\000\040\0002\0001\000\040\0002\0004\000/\0001\0000\0002\0000\0002\0004}{}% 80
\BOOKMARK [2][-]{subsection.21.1}{\376\377\000.\000\040\000L\000i\000f\000t\000i\000n\000g\000\040\000C\000o\000n\000d\000u\000c\000t\000i\000o\000n\000\040\000L\000e\000v\000e\000l\000\040\000\050\000L\000C\000L\000\051}{section.21}% 81
\BOOKMARK [1][-]{section.22}{\376\377\000L\000e\000t\000u\000r\000e\000\040\0002\0002\000\040\0002\0005\000/\0001\0000\000/\0002\0000\0002\0004}{}% 82
\BOOKMARK [2][-]{subsection.22.1}{\376\377\000.\000\040\000S\000a\000t\000u\000r\000a\000t\000i\000o\000n\000\040\000A\000d\000i\000a\000b\000a\000t\000i\000c\000\040\000L\000a\000p\000s\000e\000\040\000R\000a\000t\000e\000\040}{section.22}% 83
\BOOKMARK [2][-]{subsection.22.2}{\376\377\000.\000\040\000E\000q\000u\000i\000v\000a\000l\000e\000n\000t\000\040\000p\000o\000t\000e\000n\000t\000i\000a\000l\000\040\000t\000e\000m\000p\000e\000r\000a\000t\000u\000r\000e\000\040\000\050\000e\000\051}{section.22}% 84
\BOOKMARK [1][-]{section.23}{\376\377\000L\000e\000c\000t\000u\000r\000e\000\040\0002\0003\000\040\0003\0000\000/\0001\0000\000/\0002\0000\0002\0004}{}% 85
\BOOKMARK [2][-]{subsection.23.1}{\376\377\000.\000\040\000P\000s\000y\000c\000h\000r\000o\000m\000e\000t\000e\000r}{section.23}% 86
\BOOKMARK [2][-]{subsection.23.2}{\376\377\000.\000\040\000N\000o\000r\000m\000a\000n\000d\000'\000s\000\040\000r\000u\000l\000e}{section.23}% 87
\BOOKMARK [1][-]{section.24}{\376\377\000L\000e\000c\000t\000u\000r\000e\000\040\0002\0004\000\040\0000\0004\000/\0001\0001\000/\0002\0000\0002\0004}{}% 88
\BOOKMARK [2][-]{subsection.24.1}{\376\377\000.\000\040\000A\000d\000i\000a\000b\000a\000t\000i\000c\000\040\000c\000l\000o\000u\000d\000\040\000w\000a\000t\000e\000r\000\040\000c\000o\000n\000t\000e\000n\000t}{section.24}% 89
\BOOKMARK [3][-]{figure.caption.20}{\376\377\000L\000i\000q\000u\000i\000d\000\040\000w\000a\000t\000e\000r\000\040\000c\000o\000n\000t\000e\000n\000t\000\040\000\050\000L\000W\000C\000\051}{subsection.24.1}% 90
\BOOKMARK [2][-]{subsection.24.2}{\376\377\000.\000\040\000F\000l\000o\000w\000\040\000o\000v\000e\000r\000\040\000t\000e\000r\000r\000a\000i\000n}{section.24}% 91
\BOOKMARK [2][-]{subsection.24.3}{\376\377\000.\000\040\000A\000t\000m\000o\000s\000p\000h\000e\000r\000i\000c\000\040\000s\000t\000a\000b\000i\000l\000i\000t\000y}{section.24}% 92
\BOOKMARK [1][-]{section.25}{\376\377\000L\000e\000c\000t\000u\000r\000e\000\040\0002\0005\000\040\0000\0006\000/\0001\0001\000/\0002\0000\0002\0004}{}% 93
\BOOKMARK [2][-]{subsection.25.1}{\376\377\000.\000\040\000A\000t\000m\000o\000s\000p\000h\000e\000r\000i\000c\000\040\000s\000t\000a\000b\000i\000l\000i\000t\000y}{section.25}% 94
\BOOKMARK [3][-]{equation.25.476}{\376\377\000C\000o\000n\000v\000e\000c\000t\000i\000o\000n\000/\000s\000m\000a\000l\000l\000\040\000s\000c\000a\000l\000e\000\040\000p\000r\000o\000c\000e\000s\000s}{subsection.25.1}% 95
\BOOKMARK [3][-]{Item.50}{\376\377\000T\000h\000r\000e\000e\000\040\000c\000o\000n\000d\000i\000t\000i\000o\000n\000s}{subsection.25.1}% 96
\BOOKMARK [2][-]{subsection.25.2}{\376\377\000.\000\040\000E\000q\000u\000a\000t\000i\000o\000n\000\040\000o\000f\000\040\000m\000o\000t\000i\000o\000n\000\040\000f\000o\000r\000\040\000t\000h\000e\000\040\000p\000a\000r\000c\000e\000l}{section.25}% 97
\BOOKMARK [1][-]{section.26}{\376\377\000L\000e\000t\000u\000r\000e\000\040\0002\0006\000\040\0000\0007\000/\0001\0001\000/\0002\0000\0002\0004}{}% 98
\BOOKMARK [2][-]{subsection.26.1}{\376\377\000.\000\040\000S\000t\000a\000b\000i\000t\000i\000t\000y\000\040\000a\000n\000a\000l\000y\000s\000i\000s}{section.26}% 99
\BOOKMARK [2][-]{subsection.26.2}{\376\377\000C\000o\000n\000v\000e\000c\000t\000i\000v\000e\000\040\000i\000n\000s\000t\000a\000b\000i\000l\000i\000t\000y\000\040\000o\000r\000\040\000P\000o\000t\000e\000n\000t\000i\000a\000l\000\040\000i\000n\000s\000t\000a\000b\000i\000l\000i\000t\000y}{section.26}% 100
