\BOOKMARK [1][-]{section.1}{\376\377\000L\000e\000c\000t\000u\000r\000e\000\040\0001\000\040\0000\0006\000/\0000\0001\000/\0002\0000\0002\0005}{}% 1
\BOOKMARK [2][-]{subsection.1.1}{\376\377\000I\000n\000t\000r\000o\000d\000u\000c\000t\000i\000o\000n\000\040\000t\000o\000\040\000N\000u\000m\000e\000r\000i\000c\000a\000l\000\040\000W\000e\000a\000t\000h\000e\000r\000\040\000P\000r\000e\000d\000i\000c\000t\000i\000o\000n}{section.1}% 2
\BOOKMARK [1][-]{section.2}{\376\377\000L\000e\000c\000t\000u\000r\000e\000\040\0002\000\040\0000\0007\000/\0000\0001\000/\0002\0000\0002\0005}{}% 3
\BOOKMARK [1][-]{section.3}{\376\377\000L\000e\000c\000t\000u\000r\000e\000\040\0003\000\040\0000\0008\000/\0000\0001\000/\0002\0000\0002\0005}{}% 4
\BOOKMARK [1][-]{section.4}{\376\377\000L\000e\000c\000t\000u\000r\000e\000\040\0004\000\040\0001\0005\000/\0000\0001\000/\0002\0000\0002\0005}{}% 5
\BOOKMARK [2][-]{subsection.4.1}{\376\377\000F\000o\000r\000w\000a\000r\000d\000\040\000D\000i\000f\000f\000e\000r\000e\000n\000c\000e}{section.4}% 6
\BOOKMARK [2][-]{subsection.4.2}{\376\377\000B\000a\000c\000k\000w\000a\000r\000d\000\040\000D\000i\000f\000f\000e\000r\000e\000n\000c\000e}{section.4}% 7
\BOOKMARK [2][-]{subsection.4.3}{\376\377\000C\000u\000r\000r\000e\000n\000t\000\040\000D\000i\000f\000f\000e\000r\000e\000n\000c\000e}{section.4}% 8
\BOOKMARK [1][-]{section.5}{\376\377\000L\000e\000c\000t\000u\000r\000e\000\040\0005\000\040\0002\0000\000/\0000\0001\000/\0002\0000\0002\0005}{}% 9
\BOOKMARK [2][-]{subsection.5.1}{\376\377\000S\000p\000a\000c\000e\000\040\000D\000i\000f\000f\000e\000r\000e\000n\000c\000e}{section.5}% 10
\BOOKMARK [2][-]{subsection.5.2}{\376\377\000T\000i\000m\000e\000\040\000D\000i\000f\000f\000e\000r\000e\000n\000c\000e}{section.5}% 11
\BOOKMARK [2][-]{subsection.5.3}{\376\377\000E\000x\000p\000l\000i\000c\000i\000t\000\040\000F\000o\000r\000m\000\040\000O\000f\000\040\000S\000e\000c\000o\000n\000d\000\040\000O\000r\000d\000e\000r\000\040\000P\000D\000E}{section.5}% 12
\BOOKMARK [2][-]{subsection.5.4}{\376\377\000I\000m\000p\000l\000i\000c\000i\000t\000\040\000F\000o\000r\000m\000\040\000O\000f\000\040\000S\000e\000c\000o\000n\000d\000\040\000O\000r\000d\000e\000r\000\040\000P\000D\000E}{section.5}% 13
\BOOKMARK [1][-]{section.6}{\376\377\000L\000e\000c\000t\000u\000r\000e\000\040\0006\000\040\0002\0001\000/\0000\0001\000/\0002\0000\0002\0005}{}% 14
\BOOKMARK [2][-]{subsection.6.1}{\376\377\0001\000-\000D\000\040\000L\000i\000n\000e\000a\000r\000\040\000A\000d\000v\000e\000c\000t\000i\000o\000n\000\040\000E\000q\000u\000a\000t\000i\000o\000n}{section.6}% 15
\BOOKMARK [2][-]{subsection.6.2}{\376\377\000T\000r\000i\000a\000n\000g\000u\000l\000a\000r\000\040\000P\000r\000o\000p\000e\000r\000t\000y}{section.6}% 16
\BOOKMARK [1][-]{section.7}{\376\377\000L\000e\000c\000t\000u\000r\000e\000\040\0007\000\040\0002\0002\000/\0000\0001\000/\0002\0000\0002\0005}{}% 17
\BOOKMARK [1][-]{section.8}{\376\377\000L\000e\000c\000t\000u\000r\000e\000\040\0000\0008\000/\0000\0001\000/\0002\0000\0002\0005}{}% 18
\BOOKMARK [2][-]{subsection.8.1}{\376\377\000H\000e\000a\000t\000\040\000E\000q\000u\000a\000t\000i\000o\000n}{section.8}% 19
\BOOKMARK [2][-]{subsection.8.2}{\376\377\0001\000-\000D\000\040\000W\000a\000v\000e\000\040\000E\000q\000u\000a\000t\000i\000o\000n}{section.8}% 20
\BOOKMARK [2][-]{subsection.8.3}{\376\377\000L\000a\000p\000l\000a\000c\000e\000\040\000E\000q\000u\000a\000t\000i\000o\000n}{section.8}% 21
\BOOKMARK [1][-]{section.9}{\376\377\000L\000e\000c\000t\000u\000r\000e\000\040\0009\000\040\0002\0008\000/\0000\0001\000/\0002\0000\0002\0005}{}% 22
\BOOKMARK [2][-]{subsection.9.1}{\376\377\000W\000a\000v\000e\000\040\000E\000q\000u\000a\000t\000i\000o\000n}{section.9}% 23
\BOOKMARK [2][-]{subsection.9.2}{\376\377\000H\000e\000a\000t\000\040\000T\000r\000a\000n\000s\000f\000e\000r\000\040\000E\000q\000u\000a\000t\000i\000o\000n}{section.9}% 24
\BOOKMARK [1][-]{section.10}{\376\377\000L\000e\000c\000t\000u\000r\000e\000\040\0001\0000\000\040\0002\0009\000/\0000\0001\000/\0002\0000\0002\0005}{}% 25
\BOOKMARK [2][-]{subsection.10.1}{\376\377\000L\000a\000x\000\040\000T\000h\000e\000o\000r\000e\000m}{section.10}% 26
\BOOKMARK [2][-]{subsection.10.2}{\376\377\000V\000a\000n\000\040\000N\000e\000u\000m\000a\000n\000n}{section.10}% 27
\BOOKMARK [1][-]{section.11}{\376\377\000L\000e\000c\000t\000u\000r\000e\000\040\0001\0001\000\040\0000\0003\000/\0000\0002\000/\0002\0000\0002\0005}{}% 28
\BOOKMARK [2][-]{subsection.11.1}{\376\377\000V\000a\000n\000\040\000N\000e\000u\000m\000a\000n\000n\000\040\000S\000t\000a\000b\000i\000l\000i\000t\000y\000\040\000A\000n\000a\000l\000y\000s\000i\000s\000\040\000F\000o\000r\000\040\0001\000-\000D\000\040\000H\000e\000a\000t\000\040\000C\000o\000n\000d\000u\000c\000t\000i\000n\000g\000\040\000E\000q\000u\000a\000t\000i\000o\000n\000\040\000F\000o\000r\000\040\000F\000T\000C\000S\000\040\000S\000c\000h\000e\000m\000e}{section.11}% 29
\BOOKMARK [1][-]{section.12}{\376\377\000L\000e\000c\000t\000u\000r\000e\000\040\0001\0002\000\040\0000\0004\000/\0000\0002\000/\0002\0000\0002\0005}{}% 30
\BOOKMARK [2][-]{subsection.12.1}{\376\377\000B\000T\000C\000S\000\040\000S\000c\000h\000e\000m\000e}{section.12}% 31
\BOOKMARK [2][-]{subsection.12.2}{\376\377\000C\000T\000C\000S\000\040\000S\000c\000h\000e\000m\000e\000\040\000/\000\040\000R\000i\000c\000h\000a\000r\000d\000s\000o\000n\000\040\000S\000c\000h\000e\000m\000e}{section.12}% 32
\BOOKMARK [1][-]{section.13}{\376\377\000L\000e\000c\000t\000u\000r\000e\000\040\0001\0003\000\040\0000\0006\000/\0000\0002\000/\0002\0000\0002\0005}{}% 33
\BOOKMARK [2][-]{subsection.13.1}{\376\377\000C\000r\000a\000n\000k\000\040\000N\000i\000c\000h\000o\000l\000s\000o\000n\000\040\000S\000c\000h\000e\000m\000e}{section.13}% 34
\BOOKMARK [2][-]{subsection.13.2}{\376\377\000D\000u\000f\000a\000r\000t\000\040\000F\000r\000a\000n\000k\000e\000l\000\040\000S\000c\000h\000e\000m\000e}{section.13}% 35
\BOOKMARK [1][-]{section.14}{\376\377\000L\000e\000c\000t\000u\000r\000e\000\040\0001\0004\000\040\0001\0000\000/\0000\0002\000/\0002\0000\0002\0005}{}% 36
\BOOKMARK [2][-]{subsection.14.1}{\376\377\0002\000-\000D\000\040\000H\000e\000a\000t\000\040\000C\000o\000n\000d\000u\000c\000t\000i\000o\000n\000\040\000E\000q\000u\000a\000t\000i\000o\000n}{section.14}% 37
\BOOKMARK [2][-]{subsection.14.2}{\376\377\000A\000D\000I\000\040\000M\000e\000t\000h\000o\000d}{section.14}% 38
\BOOKMARK [1][-]{section.15}{\376\377\000L\000e\000c\000t\000u\000r\000e\000\040\0001\0005\000\040\0001\0001\000/\0000\0002\000/\0002\0000\0002\0005}{}% 39
\BOOKMARK [2][-]{subsection.15.1}{\376\377\0001\000-\000D\000\040\000A\000d\000v\000e\000c\000t\000i\000o\000n\000\040\000E\000q\000u\000a\000t\000i\000o\000n}{section.15}% 40
\BOOKMARK [2][-]{subsection.15.2}{\376\377\000M\000e\000t\000h\000o\000d\000\040\000o\000f\000\040\000s\000p\000e\000r\000a\000t\000i\000o\000n\000\040\000o\000f\000\040\000v\000a\000r\000i\000a\000b\000l\000e\000s}{section.15}% 41
\BOOKMARK [1][-]{section.16}{\376\377\000L\000e\000c\000t\000u\000r\000e\000\040\0001\0006\000\040\0001\0002\000/\0000\0002\000/\0002\0000\0002\0005}{}% 42
\BOOKMARK [2][-]{subsection.16.1}{\376\377\0001\000-\000D\000\040\000A\000d\000v\000e\000c\000t\000i\000o\000n\000\040\000E\000q\000u\000a\000t\000i\000o\000n}{section.16}% 43
\BOOKMARK [1][-]{section.17}{\376\377\000L\000e\000c\000t\000u\000r\000e\000\040\0001\0007\000\040\0001\0007\000/\0000\0002\000/\0002\0000\0002\0005}{}% 44
\BOOKMARK [2][-]{subsection.17.1}{\376\377\0001\000-\000D\000\040\000A\000d\000v\000e\000c\000t\000i\000o\000n\000\040\000E\000q\000u\000a\000t\000i\000o\000n}{section.17}% 45
\BOOKMARK [1][-]{section.18}{\376\377\000L\000e\000c\000t\000u\000r\000e\000\040\0001\0008\000\040\0001\0007\000/\0000\0002\000/\0002\0000\0002\0005}{}% 46
\BOOKMARK [2][-]{subsection.18.1}{\376\377\0001\000-\000D\000\040\000A\000d\000v\000e\000c\000t\000i\000o\000n\000\040\000E\000q\000u\000a\000t\000i\000o\000n}{section.18}% 47
\BOOKMARK [2][-]{subsection.18.2}{\376\377\000U\000p\000w\000i\000n\000d\000/\000U\000p\000s\000t\000r\000e\000a\000m\000\040\000S\000c\000h\000e\000m\000e}{section.18}% 48
\BOOKMARK [1][-]{section.19}{\376\377\000L\000e\000c\000t\000u\000r\000e\000\040\0001\0009\000\040\0001\0007\000/\0000\0002\000/\0002\0000\0002\0005}{}% 49
\BOOKMARK [2][-]{subsection.19.1}{\376\377\0001\000-\000D\000\040\000A\000d\000v\000e\000c\000t\000i\000o\000n\000\040\000E\000q\000u\000a\000t\000i\000o\000n}{section.19}% 50
\BOOKMARK [2][-]{subsection.19.2}{\376\377\000T\000r\000a\000n\000s\000p\000o\000r\000t\000a\000t\000i\000v\000e\000\040\000P\000r\000o\000p\000e\000r\000t\000i\000e\000s}{section.19}% 51
\BOOKMARK [1][-]{section.20}{\376\377\000L\000e\000c\000t\000u\000r\000e\000\040\0002\0000\000\040\0002\0004\000/\0000\0002\000/\0002\0000\0002\0005}{}% 52
\BOOKMARK [2][-]{subsection.20.1}{\376\377\000L\000a\000x\000\040\000W\000a\000n\000d\000r\000o\000f\000f\000\040\000S\000c\000h\000e\000m\000e}{section.20}% 53
