\BOOKMARK [1][-]{section.1}{\376\377\000L\000e\000c\000t\000u\000r\000e\000\040\0001\000\040\0000\0009\000/\0000\0001\000/\0002\0000\0002\0005}{}% 1
\BOOKMARK [2][-]{subsection.1.1}{\376\377\000I\000n\000t\000r\000o\000d\000u\000c\000t\000i\000o\000n\000\040\000T\000o\000\040\000B\000o\000u\000n\000d\000a\000r\000y\000\040\000L\000a\000y\000e\000r}{section.1}% 2
\BOOKMARK [2][-]{subsection.1.2}{\376\377\000B\000o\000u\000n\000d\000a\000r\000y\000\040\000L\000a\000y\000e\000r\000\040\000F\000o\000r\000c\000i\000n\000g\000\040\000M\000e\000c\000h\000a\000n\000i\000s\000m}{section.1}% 3
\BOOKMARK [2][-]{subsection.1.3}{\376\377\000T\000y\000p\000e\000s\000\040\000O\000f\000\040\000A\000i\000r\000\040\000F\000l\000o\000w\000\040\000O\000r\000\040\000W\000i\000n\000d}{section.1}% 4
\BOOKMARK [2][-]{subsection.1.4}{\376\377\000E\000d\000d\000i\000e\000s}{section.1}% 5
\BOOKMARK [2][-]{subsection.1.5}{\376\377\000T\000u\000r\000b\000u\000l\000e\000n\000c\000e\000\040\000G\000e\000n\000e\000r\000a\000t\000i\000o\000n\000\040\000M\000e\000c\000h\000a\000n\000i\000s\000m\000s}{section.1}% 6
\BOOKMARK [1][-]{section.2}{\376\377\000L\000e\000t\000u\000r\000e\000\040\0002\000\040\0001\0005\000/\0000\0001\000/\0002\0000\0002\0005}{}% 7
\BOOKMARK [2][-]{subsection.2.1}{\376\377\000T\000a\000y\000l\000o\000r\000'\000s\000\040\000H\000y\000p\000o\000t\000h\000e\000s\000i\000s}{section.2}% 8
\BOOKMARK [2][-]{subsection.2.2}{\376\377\000V\000i\000r\000t\000u\000a\000l\000\040\000P\000o\000t\000e\000n\000t\000i\000a\000l\000\040\000T\000e\000m\000p\000e\000r\000a\000t\000u\000r\000e}{section.2}% 9
\BOOKMARK [2][-]{subsection.2.3}{\376\377\000B\000o\000u\000n\000d\000a\000r\000y\000\040\000L\000a\000y\000e\000r\000\040\000D\000e\000p\000t\000h\000\040\000a\000n\000d\000\040\000S\000t\000r\000u\000c\000t\000u\000r\000e}{section.2}% 10
\BOOKMARK [1][-]{section.3}{\376\377\000L\000e\000c\000t\000u\000r\000e\000\040\0003\000\040\0001\0006\000/\0000\0001\000/\0002\0000\0002\0005}{}% 11
\BOOKMARK [2][-]{subsection.3.1}{\376\377\000S\000t\000a\000b\000i\000l\000i\000t\000y\000\040\000a\000n\000d\000\040\000P\000l\000u\000m\000e\000\040\000B\000e\000h\000a\000v\000i\000o\000u\000r}{section.3}% 12
\BOOKMARK [2][-]{subsection.3.2}{\376\377\000I\000m\000p\000o\000r\000t\000a\000n\000c\000e\000\040\000o\000f\000\040\000B\000o\000u\000n\000d\000a\000r\000y\000\040\000L\000a\000y\000e\000r}{section.3}% 13
\BOOKMARK [1][-]{section.4}{\376\377\000L\000e\000c\000t\000u\000r\000e\000\040\0004\000\040\0002\0003\000/\0000\0001\000/\0002\0000\0002\0005}{}% 14
\BOOKMARK [2][-]{subsection.4.1}{\376\377\000S\000t\000a\000t\000i\000s\000t\000i\000c\000a\000l\000\040\000T\000o\000o\000l\000s\000\040\000R\000e\000q\000u\000i\000r\000e\000d\000\040\000F\000o\000r\000\040\000T\000u\000r\000b\000u\000l\000e\000n\000c\000e}{section.4}% 15
\BOOKMARK [1][-]{section.5}{\376\377\000L\000e\000c\000t\000u\000r\000e\000\040\0005\000\040\0002\0004\000/\0000\0001\000/\0002\0000\0002\0005}{}% 16
\BOOKMARK [2][-]{subsection.5.1}{\376\377\000F\000l\000u\000x\000e\000s}{section.5}% 17
\BOOKMARK [2][-]{subsection.5.2}{\376\377\000K\000i\000n\000e\000m\000a\000t\000i\000c\000\040\000F\000l\000u\000x}{section.5}% 18
\BOOKMARK [2][-]{subsection.5.3}{\376\377\000E\000d\000d\000y\000\040\000F\000l\000u\000x}{section.5}% 19
\BOOKMARK [2][-]{subsection.5.4}{\376\377\000S\000t\000r\000e\000s\000s}{section.5}% 20
\BOOKMARK [1][-]{section.6}{\376\377\000L\000e\000c\000t\000u\000r\000e\000\040\0006\000\040\0002\0009\000/\0000\0001\000/\0002\0000\0002\0005}{}% 21
\BOOKMARK [2][-]{subsection.6.1}{\376\377\000S\000u\000m\000m\000a\000t\000i\000o\000n\000\040\000N\000o\000t\000a\000t\000i\000o\000n}{section.6}% 22
\BOOKMARK [2][-]{subsection.6.2}{\376\377\000U\000n\000i\000t\000\040\000v\000e\000c\000t\000o\000r}{section.6}% 23
\BOOKMARK [2][-]{subsection.6.3}{\376\377\000K\000r\000o\000n\000e\000c\000k\000e\000r\000\040\000D\000e\000l\000t\000a}{section.6}% 24
\BOOKMARK [2][-]{subsection.6.4}{\376\377\000A\000l\000t\000e\000r\000n\000a\000t\000i\000n\000g\000\040\000U\000n\000i\000t\000\040\000T\000e\000n\000s\000o\000r}{section.6}% 25
\BOOKMARK [2][-]{subsection.6.5}{\376\377\000R\000u\000l\000e\000s\000\040\000F\000o\000r\000\040\000S\000u\000m\000m\000a\000t\000i\000o\000n\000\040\000N\000o\000t\000a\000t\000i\000o\000n}{section.6}% 26
\BOOKMARK [1][-]{section.7}{\376\377\000L\000e\000c\000t\000u\000r\000e\000\040\0007\000\040\0003\0000\000/\0000\0001\000/\0002\0000\0002\0005}{}% 27
\BOOKMARK [2][-]{subsection.7.1}{\376\377\000G\000o\000v\000e\000r\000n\000i\000n\000g\000\040\000E\000q\000u\000a\000t\000i\000o\000n\000s\000\040\000F\000o\000r\000\040\000T\000u\000r\000b\000u\000l\000e\000n\000t\000\040\000F\000l\000o\000w}{section.7}% 28
\BOOKMARK [2][-]{subsection.7.2}{\376\377\000G\000o\000v\000e\000r\000n\000i\000n\000g\000\040\000E\000q\000u\000a\000t\000i\000o\000n\000s}{section.7}% 29
\BOOKMARK [1][-]{section.8}{\376\377\000L\000e\000c\000t\000u\000r\000e\000\040\0008\000\040\0001\0002\000/\0000\0002\000/\0002\0000\0002\0005}{}% 30
\BOOKMARK [2][-]{subsection.8.1}{\376\377\000G\000o\000v\000e\000r\000n\000i\000n\000g\000\040\000E\000q\000u\000a\000t\000i\000o\000n\000s\000\040\000F\000o\000r\000\040\000T\000u\000r\000b\000u\000l\000e\000n\000t\000\040\000F\000l\000o\000w}{section.8}% 31
\BOOKMARK [1][-]{section.9}{\376\377\000L\000e\000c\000t\000u\000r\000e\000\040\0009\000\040\0001\0003\000/\0000\0002\000/\0002\0000\0002\0005}{}% 32
\BOOKMARK [2][-]{subsection.9.1}{\376\377\000G\000o\000v\000e\000r\000n\000i\000n\000g\000\040\000E\000q\000u\000a\000t\000i\000o\000n\000s\000\040\000F\000o\000r\000\040\000T\000u\000r\000b\000u\000l\000e\000n\000t\000\040\000F\000l\000o\000w}{section.9}% 33
\BOOKMARK [1][-]{section.10}{\376\377\000L\000e\000c\000t\000u\000r\000e\000\040\0001\0000\000\040\0001\0004\000/\0000\0002\000/\0002\0000\0002\0005}{}% 34
\BOOKMARK [2][-]{subsection.10.1}{\376\377\000G\000o\000v\000e\000r\000n\000i\000n\000g\000\040\000E\000q\000u\000a\000t\000i\000o\000n\000s\000\040\000F\000o\000r\000\040\000T\000u\000r\000b\000u\000l\000e\000n\000t\000\040\000F\000l\000o\000w}{section.10}% 35
\BOOKMARK [2][-]{subsection.10.2}{\376\377\000P\000h\000y\000s\000i\000c\000a\000l\000\040\000S\000i\000g\000n\000i\000f\000i\000c\000a\000n\000c\000e\000\040\000O\000f\000\040\000T\000u\000r\000b\000u\000l\000e\000n\000t\000\040\000T\000e\000r\000m\000s}{section.10}% 36
\BOOKMARK [2][-]{subsection.10.3}{\376\377\000S\000c\000a\000l\000i\000n\000g\000\040\000V\000a\000r\000i\000a\000b\000l\000e}{section.10}% 37
\BOOKMARK [2][-]{subsection.10.4}{\376\377\000P\000r\000o\000g\000n\000o\000s\000t\000i\000c\000\040\000E\000q\000u\000a\000t\000i\000o\000n\000s\000\040\000F\000o\000r\000\040\000T\000u\000r\000b\000u\000l\000e\000n\000t\000\040\000F\000l\000o\000w}{section.10}% 38
\BOOKMARK [1][-]{section.11}{\376\377\000L\000e\000c\000t\000u\000r\000e\000\040\0001\0001\000\040\0001\0009\000/\0000\0002\000/\0002\0000\0002\0005}{}% 39
\BOOKMARK [2][-]{subsection.11.1}{\376\377\000P\000r\000o\000g\000n\000o\000s\000t\000i\000c\000\040\000E\000q\000u\000a\000t\000i\000o\000n\000s\000\040\000F\000o\000r\000\040\000T\000u\000r\000b\000u\000l\000e\000n\000t\000\040\000F\000l\000o\000w}{section.11}% 40
\BOOKMARK [1][-]{section.12}{\376\377\000L\000e\000c\000t\000u\000r\000e\000\040\0001\0002\000\040\0002\0000\000/\0000\0002\000/\0002\0000\0002\0005}{}% 41
\BOOKMARK [2][-]{subsection.12.1}{\376\377\000G\000o\000v\000e\000r\000n\000i\000n\000g\000\040\000E\000q\000u\000a\000t\000i\000o\000n\000\040\000F\000o\000r\000\040\000T\000u\000r\000b\000u\000l\000e\000n\000t\000\040\000F\000l\000o\000w}{section.12}% 42
\BOOKMARK [1][-]{section.13}{\376\377\000L\000e\000c\000t\000u\000r\000e\000\040\0001\0003\000\040\0002\0007\000/\0000\0002\000/\0002\0000\0002\0005}{}% 43
\BOOKMARK [2][-]{subsection.13.1}{\376\377\000T\000u\000r\000b\000u\000l\000e\000n\000t\000\040\000K\000i\000n\000e\000t\000i\000c\000\040\000E\000n\000e\000r\000g\000y}{section.13}% 44
\BOOKMARK [2][-]{subsection.13.2}{\376\377\000T\000y\000p\000e\000s\000\040\000o\000f\000\040\000c\000o\000n\000v\000e\000c\000t\000i\000o\000n}{section.13}% 45
\BOOKMARK [1][-]{section.14}{\376\377\000L\000e\000c\000t\000u\000r\000e\000\040\0001\0004\000\040\0002\0008\000/\0000\0002\000/\0002\0000\0002\0005}{}% 46
\BOOKMARK [2][-]{subsection.14.1}{\376\377\000S\000t\000a\000b\000i\000l\000i\000t\000y\000,\000\040\000K\000H\000-\000W\000a\000v\000e\000s\000\040\000A\000n\000d\000\040\000R\000i\000c\000h\000a\000r\000d\000s\000o\000n\000\040\000N\000u\000m\000b\000e\000r}{section.14}% 47
\BOOKMARK [2][-]{subsection.14.2}{\376\377\000D\000y\000n\000a\000m\000i\000c\000\040\000S\000t\000a\000b\000i\000l\000i\000t\000y}{section.14}% 48
\BOOKMARK [1][-]{subsubsection.14.2.1}{\376\377\000R\000e\000f\000e\000r\000e\000n\000c\000e\000s}{}% 49
